<?xml version="1.0" encoding="UTF-8"?>
<testsuite name="com.teamtreehouse.techdegrees.AppTest" tests="1" skipped="0" failures="0" errors="0" timestamp="2024-12-19T07:52:11" hostname="macos-KGF2HQ0DWD" time="0.129">
  <properties/>
  <testcase name="multipleToDosCreatedAreFetchedWithFindAll" classname="com.teamtreehouse.techdegrees.AppTest" time="0.129"/>
  <system-out><![CDATA[]]></system-out>
  <system-err><![CDATA[SLF4J: Failed to load class "org.slf4j.impl.StaticLoggerBinder".
SLF4J: Defaulting to no-operation (NOP) logger implementation
SLF4J: See http://www.slf4j.org/codes.html#StaticLoggerBinder for further details.
]]></system-err>
</testsuite>
